<?xml version="1.0" encoding="UTF-8"?>
<testng-results ignored="0" total="1" passed="1" failed="0" skipped="0">
  <reporter-output>
  </reporter-output>
  <suite started-at="2023-08-29T22:28:47 EDT" name="Default suite" finished-at="2023-08-29T22:28:56 EDT" duration-ms="9129">
    <groups>
    </groups>
    <test started-at="2023-08-29T22:28:47 EDT" name="Default test" finished-at="2023-08-29T22:28:56 EDT" duration-ms="9129">
      <class name="org.mma.mercury.tours.demo.MercuryToursFlightBooking">
        <test-method is-config="true" signature="setUp()[pri:0, instance:org.mma.mercury.tours.demo.MercuryToursFlightBooking@5f049ea1]" started-at="2023-08-29T22:28:47 EDT" name="setUp" finished-at="2023-08-29T22:28:53 EDT" duration-ms="5960" status="PASS">
          <reporter-output>
          </reporter-output>
        </test-method> <!-- setUp -->
        <test-method signature="userRegisterTest()[pri:0, instance:org.mma.mercury.tours.demo.MercuryToursFlightBooking@5f049ea1]" started-at="2023-08-29T22:28:53 EDT" name="userRegisterTest" finished-at="2023-08-29T22:28:54 EDT" duration-ms="1018" status="PASS">
          <reporter-output>
          </reporter-output>
        </test-method> <!-- userRegisterTest -->
        <test-method is-config="true" signature="closeBrowser()[pri:0, instance:org.mma.mercury.tours.demo.MercuryToursFlightBooking@5f049ea1]" started-at="2023-08-29T22:28:54 EDT" name="closeBrowser" finished-at="2023-08-29T22:28:56 EDT" duration-ms="2014" status="PASS">
          <reporter-output>
          </reporter-output>
        </test-method> <!-- closeBrowser -->
      </class> <!-- org.mma.mercury.tours.demo.MercuryToursFlightBooking -->
    </test> <!-- Default test -->
  </suite> <!-- Default suite -->
</testng-results>
